<?xml version="1.0" encoding="UTF-8"?>
<testsuite xmlns:xsi="http://www.w3.org/2001/XMLSchema-instance" xsi:noNamespaceSchemaLocation="https://maven.apache.org/surefire/maven-surefire-plugin/xsd/surefire-test-report.xsd" name="com.jeffveit.app.AppTest" time="4.508" tests="5" errors="0" skipped="0" failures="0">
  <properties>
    <property name="java.specification.version" value="14"/>
    <property name="sun.jnu.encoding" value="UTF-8"/>
    <property name="java.class.path" value="/Users/jveit/Documents/School/SE 480/Assignment_3/movie-recommender/target/test-classes:/Users/jveit/Documents/School/SE 480/Assignment_3/movie-recommender/target/classes:/Users/jveit/.m2/repository/junit/junit/4.11/junit-4.11.jar:/Users/jveit/.m2/repository/org/hamcrest/hamcrest-core/1.3/hamcrest-core-1.3.jar:/Users/jveit/.m2/repository/org/mockito/mockito-core/3.3.3/mockito-core-3.3.3.jar:/Users/jveit/.m2/repository/net/bytebuddy/byte-buddy/1.10.5/byte-buddy-1.10.5.jar:/Users/jveit/.m2/repository/net/bytebuddy/byte-buddy-agent/1.10.5/byte-buddy-agent-1.10.5.jar:/Users/jveit/.m2/repository/org/objenesis/objenesis/2.6/objenesis-2.6.jar:/Users/jveit/.m2/repository/com/netflix/hystrix/hystrix-core/1.5.18/hystrix-core-1.5.18.jar:/Users/jveit/.m2/repository/org/slf4j/slf4j-api/1.7.0/slf4j-api-1.7.0.jar:/Users/jveit/.m2/repository/com/netflix/archaius/archaius-core/0.4.1/archaius-core-0.4.1.jar:/Users/jveit/.m2/repository/commons-configuration/commons-configuration/1.8/commons-configuration-1.8.jar:/Users/jveit/.m2/repository/commons-lang/commons-lang/2.6/commons-lang-2.6.jar:/Users/jveit/.m2/repository/commons-logging/commons-logging/1.1.1/commons-logging-1.1.1.jar:/Users/jveit/.m2/repository/io/reactivex/rxjava/1.2.0/rxjava-1.2.0.jar:/Users/jveit/.m2/repository/org/hdrhistogram/HdrHistogram/2.1.9/HdrHistogram-2.1.9.jar:"/>
    <property name="java.vm.vendor" value="Oracle Corporation"/>
    <property name="sun.arch.data.model" value="64"/>
    <property name="java.vendor.url" value="https://openjdk.java.net/"/>
    <property name="os.name" value="Mac OS X"/>
    <property name="java.vm.specification.version" value="14"/>
    <property name="sun.java.launcher" value="SUN_STANDARD"/>
    <property name="user.country" value="US"/>
    <property name="sun.boot.library.path" value="/usr/local/Cellar/openjdk/14.0.1/libexec/openjdk.jdk/Contents/Home/lib"/>
    <property name="sun.java.command" value="/Users/jveit/Documents/School/SE 480/Assignment_3/movie-recommender/target/surefire/surefirebooter12403134165254016678.jar /Users/jveit/Documents/School/SE 480/Assignment_3/movie-recommender/target/surefire 2020-10-11T22-00-44_654-jvmRun1 surefire2728324021376390104tmp surefire_010543721615408303776tmp"/>
    <property name="http.nonProxyHosts" value="local|*.local|169.254/16|*.169.254/16"/>
    <property name="jdk.debug" value="release"/>
    <property name="surefire.test.class.path" value="/Users/jveit/Documents/School/SE 480/Assignment_3/movie-recommender/target/test-classes:/Users/jveit/Documents/School/SE 480/Assignment_3/movie-recommender/target/classes:/Users/jveit/.m2/repository/junit/junit/4.11/junit-4.11.jar:/Users/jveit/.m2/repository/org/hamcrest/hamcrest-core/1.3/hamcrest-core-1.3.jar:/Users/jveit/.m2/repository/org/mockito/mockito-core/3.3.3/mockito-core-3.3.3.jar:/Users/jveit/.m2/repository/net/bytebuddy/byte-buddy/1.10.5/byte-buddy-1.10.5.jar:/Users/jveit/.m2/repository/net/bytebuddy/byte-buddy-agent/1.10.5/byte-buddy-agent-1.10.5.jar:/Users/jveit/.m2/repository/org/objenesis/objenesis/2.6/objenesis-2.6.jar:/Users/jveit/.m2/repository/com/netflix/hystrix/hystrix-core/1.5.18/hystrix-core-1.5.18.jar:/Users/jveit/.m2/repository/org/slf4j/slf4j-api/1.7.0/slf4j-api-1.7.0.jar:/Users/jveit/.m2/repository/com/netflix/archaius/archaius-core/0.4.1/archaius-core-0.4.1.jar:/Users/jveit/.m2/repository/commons-configuration/commons-configuration/1.8/commons-configuration-1.8.jar:/Users/jveit/.m2/repository/commons-lang/commons-lang/2.6/commons-lang-2.6.jar:/Users/jveit/.m2/repository/commons-logging/commons-logging/1.1.1/commons-logging-1.1.1.jar:/Users/jveit/.m2/repository/io/reactivex/rxjava/1.2.0/rxjava-1.2.0.jar:/Users/jveit/.m2/repository/org/hdrhistogram/HdrHistogram/2.1.9/HdrHistogram-2.1.9.jar:"/>
    <property name="sun.cpu.endian" value="little"/>
    <property name="user.home" value="/Users/jveit"/>
    <property name="user.language" value="en"/>
    <property name="java.specification.vendor" value="Oracle Corporation"/>
    <property name="java.version.date" value="2020-04-14"/>
    <property name="java.home" value="/usr/local/Cellar/openjdk/14.0.1/libexec/openjdk.jdk/Contents/Home"/>
    <property name="file.separator" value="/"/>
    <property name="basedir" value="/Users/jveit/Documents/School/SE 480/Assignment_3/movie-recommender"/>
    <property name="java.vm.compressedOopsMode" value="Zero based"/>
    <property name="line.separator" value="&#10;"/>
    <property name="java.specification.name" value="Java Platform API Specification"/>
    <property name="java.vm.specification.vendor" value="Oracle Corporation"/>
    <property name="surefire.real.class.path" value="/Users/jveit/Documents/School/SE 480/Assignment_3/movie-recommender/target/surefire/surefirebooter12403134165254016678.jar"/>
    <property name="sun.management.compiler" value="HotSpot 64-Bit Tiered Compilers"/>
    <property name="ftp.nonProxyHosts" value="local|*.local|169.254/16|*.169.254/16"/>
    <property name="java.runtime.version" value="14.0.1+14"/>
    <property name="user.name" value="jveit"/>
    <property name="path.separator" value=":"/>
    <property name="os.version" value="10.15.6"/>
    <property name="java.runtime.name" value="OpenJDK Runtime Environment"/>
    <property name="file.encoding" value="UTF-8"/>
    <property name="java.vm.name" value="OpenJDK 64-Bit Server VM"/>
    <property name="localRepository" value="/Users/jveit/.m2/repository"/>
    <property name="java.vendor.url.bug" value="https://bugreport.java.com/bugreport/"/>
    <property name="java.io.tmpdir" value="/var/folders/pn/5gdpd2bj7c7_3hdrvhl5pt680000gp/T/"/>
    <property name="java.version" value="14.0.1"/>
    <property name="user.dir" value="/Users/jveit/Documents/School/SE 480/Assignment_3/movie-recommender"/>
    <property name="os.arch" value="x86_64"/>
    <property name="java.vm.specification.name" value="Java Virtual Machine Specification"/>
    <property name="java.library.path" value="/Users/jveit/Library/Java/Extensions:/Library/Java/Extensions:/Network/Library/Java/Extensions:/System/Library/Java/Extensions:/usr/lib/java:."/>
    <property name="java.vm.info" value="mixed mode, sharing"/>
    <property name="java.vendor" value="N/A"/>
    <property name="java.vm.version" value="14.0.1+14"/>
    <property name="sun.io.unicode.encoding" value="UnicodeBig"/>
    <property name="socksNonProxyHosts" value="local|*.local|169.254/16|*.169.254/16"/>
    <property name="java.class.version" value="58.0"/>
  </properties>
  <testcase name="middle" classname="com.jeffveit.app.AppTest" time="0.445"/>
  <testcase name="exceptionError" classname="com.jeffveit.app.AppTest" time="0.023"/>
  <testcase name="old" classname="com.jeffveit.app.AppTest" time="0"/>
  <testcase name="young" classname="com.jeffveit.app.AppTest" time="0.001"/>
  <testcase name="mockDelay" classname="com.jeffveit.app.AppTest" time="4.006"/>
</testsuite>